<?xml version="1.0" encoding="UTF-8"?>
<testng-results ignored="0" total="1" passed="1" failed="0" skipped="0">
  <reporter-output>
  </reporter-output>
  <suite started-at="2025-12-18T19:18:12 IST" name="Default suite" finished-at="2025-12-18T19:18:19 IST" duration-ms="7192">
    <groups>
    </groups>
    <test started-at="2025-12-18T19:18:12 IST" name="Default test" finished-at="2025-12-18T19:18:19 IST" duration-ms="7192">
      <class name="api.test.UserTest">
        <test-method is-config="true" signature="setUPData()[pri:0, instance:api.test.UserTest@128d2484]" started-at="2025-12-18T19:18:12 IST" name="setUPData" finished-at="2025-12-18T19:18:13 IST" duration-ms="596" status="PASS">
          <reporter-output>
          </reporter-output>
        </test-method> <!-- setUPData -->
        <test-method signature="testCreateUser()[pri:0, instance:api.test.UserTest@128d2484]" started-at="2025-12-18T19:18:13 IST" name="testCreateUser" finished-at="2025-12-18T19:18:19 IST" duration-ms="6457" status="PASS">
          <reporter-output>
          </reporter-output>
        </test-method> <!-- testCreateUser -->
      </class> <!-- api.test.UserTest -->
    </test> <!-- Default test -->
  </suite> <!-- Default suite -->
</testng-results>
